<?xml version="1.0" encoding="UTF-8"?>
<coverage generated="1637436333022" clover="3.2.0">
  <project timestamp="1637436333023" name="All files">
    <metrics statements="53" coveredstatements="40" conditionals="38" coveredconditionals="23" methods="11" coveredmethods="9" elements="102" coveredelements="72" complexity="0" loc="53" ncloc="53" packages="1" files="2" classes="2"/>
    <file name="cipher.js" path="/Users/nikitazhavoronkov/RS/node/caesar-cipher-cli/src/cipher.js">
      <metrics statements="30" coveredstatements="17" conditionals="24" coveredconditionals="10" methods="4" coveredmethods="2"/>
      <line num="1" count="1" type="stmt"/>
      <line num="30" count="1" type="stmt"/>
      <line num="31" count="1" type="stmt"/>
      <line num="33" count="1" type="stmt"/>
      <line num="34" count="11" type="stmt"/>
      <line num="37" count="98" type="stmt"/>
      <line num="39" count="98" type="cond" truecount="2" falsecount="0"/>
      <line num="40" count="77" type="cond" truecount="1" falsecount="1"/>
      <line num="41" count="0" type="cond" truecount="0" falsecount="4"/>
      <line num="42" count="0" type="cond" truecount="0" falsecount="2"/>
      <line num="43" count="0" type="stmt"/>
      <line num="45" count="0" type="stmt"/>
      <line num="47" count="0" type="cond" truecount="0" falsecount="2"/>
      <line num="48" count="0" type="stmt"/>
      <line num="51" count="77" type="cond" truecount="4" falsecount="0"/>
      <line num="52" count="56" type="cond" truecount="2" falsecount="0"/>
      <line num="53" count="28" type="stmt"/>
      <line num="57" count="28" type="stmt"/>
      <line num="61" count="21" type="cond" truecount="1" falsecount="1"/>
      <line num="62" count="21" type="stmt"/>
      <line num="68" count="21" type="stmt"/>
      <line num="74" count="1" type="stmt"/>
      <line num="75" count="0" type="stmt"/>
      <line num="77" count="0" type="cond" truecount="0" falsecount="2"/>
      <line num="78" count="0" type="stmt"/>
      <line num="79" count="0" type="cond" truecount="0" falsecount="2"/>
      <line num="80" count="0" type="stmt"/>
      <line num="82" count="0" type="stmt"/>
      <line num="83" count="0" type="stmt"/>
      <line num="87" count="1" type="stmt"/>
    </file>
    <file name="validation.js" path="/Users/nikitazhavoronkov/RS/node/caesar-cipher-cli/src/validation.js">
      <metrics statements="23" coveredstatements="23" conditionals="14" coveredconditionals="13" methods="7" coveredmethods="7"/>
      <line num="1" count="1" type="stmt"/>
      <line num="2" count="1" type="stmt"/>
      <line num="4" count="1" type="stmt"/>
      <line num="13" count="1" type="stmt"/>
      <line num="14" count="6" type="cond" truecount="2" falsecount="0"/>
      <line num="15" count="1" type="stmt"/>
      <line num="16" count="5" type="cond" truecount="2" falsecount="0"/>
      <line num="17" count="1" type="stmt"/>
      <line num="18" count="4" type="cond" truecount="2" falsecount="0"/>
      <line num="19" count="1" type="stmt"/>
      <line num="20" count="3" type="cond" truecount="2" falsecount="0"/>
      <line num="21" count="1" type="stmt"/>
      <line num="22" count="2" type="cond" truecount="2" falsecount="0"/>
      <line num="23" count="1" type="stmt"/>
      <line num="25" count="1" type="stmt"/>
      <line num="27" count="5" type="stmt"/>
      <line num="30" count="9" type="stmt"/>
      <line num="32" count="18" type="cond" truecount="1" falsecount="1"/>
      <line num="34" count="1" type="stmt"/>
      <line num="35" count="34" type="stmt"/>
      <line num="36" count="7" type="stmt"/>
      <line num="39" count="2" type="cond" truecount="2" falsecount="0"/>
      <line num="41" count="1" type="stmt"/>
    </file>
  </project>
</coverage>
