{"/Users/nikitazhavoronkov/RS/node/caesar-cipher-cli/src/cipher.js": {"path":"/Users/nikitazhavoronkov/RS/node/caesar-cipher-cli/src/cipher.js","statementMap":{"0":{"start":{"line":1,"column":17},"end":{"line":28,"column":1}},"1":{"start":{"line":30,"column":23},"end":{"line":30,"column":48}},"2":{"start":{"line":31,"column":24},"end":{"line":31,"column":50}},"3":{"start":{"line":33,"column":25},"end":{"line":72,"column":1}},"4":{"start":{"line":34,"column":4},"end":{"line":71,"column":18}},"5":{"start":{"line":37,"column":27},"end":{"line":37,"column":43}},"6":{"start":{"line":39,"column":12},"end":{"line":69,"column":13}},"7":{"start":{"line":40,"column":16},"end":{"line":66,"column":17}},"8":{"start":{"line":41,"column":20},"end":{"line":49,"column":21}},"9":{"start":{"line":42,"column":24},"end":{"line":46,"column":25}},"10":{"start":{"line":43,"column":28},"end":{"line":43,"column":86}},"11":{"start":{"line":45,"column":28},"end":{"line":45,"column":90}},"12":{"start":{"line":47,"column":27},"end":{"line":49,"column":21}},"13":{"start":{"line":48,"column":24},"end":{"line":48,"column":79}},"14":{"start":{"line":51,"column":20},"end":{"line":65,"column":21}},"15":{"start":{"line":52,"column":24},"end":{"line":60,"column":25}},"16":{"start":{"line":53,"column":28},"end":{"line":55,"column":48}},"17":{"start":{"line":57,"column":28},"end":{"line":59,"column":48}},"18":{"start":{"line":61,"column":27},"end":{"line":65,"column":21}},"19":{"start":{"line":62,"column":24},"end":{"line":64,"column":44}},"20":{"start":{"line":68,"column":16},"end":{"line":68,"column":26}},"21":{"start":{"line":74,"column":23},"end":{"line":85,"column":1}},"22":{"start":{"line":75,"column":4},"end":{"line":84,"column":15}},"23":{"start":{"line":77,"column":8},"end":{"line":81,"column":9}},"24":{"start":{"line":78,"column":12},"end":{"line":78,"column":22}},"25":{"start":{"line":79,"column":15},"end":{"line":81,"column":9}},"26":{"start":{"line":80,"column":12},"end":{"line":80,"column":22}},"27":{"start":{"line":82,"column":8},"end":{"line":82,"column":75}},"28":{"start":{"line":83,"column":8},"end":{"line":83,"column":23}},"29":{"start":{"line":87,"column":0},"end":{"line":90,"column":1}}},"fnMap":{"0":{"name":"(anonymous_0)","decl":{"start":{"line":33,"column":25},"end":{"line":33,"column":26}},"loc":{"start":{"line":33,"column":59},"end":{"line":72,"column":1}},"line":33},"1":{"name":"(anonymous_1)","decl":{"start":{"line":36,"column":13},"end":{"line":36,"column":14}},"loc":{"start":{"line":36,"column":24},"end":{"line":70,"column":9}},"line":36},"2":{"name":"(anonymous_2)","decl":{"start":{"line":74,"column":23},"end":{"line":74,"column":24}},"loc":{"start":{"line":74,"column":44},"end":{"line":85,"column":1}},"line":74},"3":{"name":"(anonymous_3)","decl":{"start":{"line":75,"column":36},"end":{"line":75,"column":37}},"loc":{"start":{"line":75,"column":53},"end":{"line":84,"column":5}},"line":75}},"branchMap":{"0":{"loc":{"start":{"line":39,"column":12},"end":{"line":69,"column":13}},"type":"if","locations":[{"start":{"line":39,"column":12},"end":{"line":69,"column":13}},{"start":{"line":67,"column":19},"end":{"line":69,"column":13}}],"line":39},"1":{"loc":{"start":{"line":40,"column":16},"end":{"line":66,"column":17}},"type":"if","locations":[{"start":{"line":40,"column":16},"end":{"line":66,"column":17}},{"start":{"line":50,"column":23},"end":{"line":66,"column":17}}],"line":40},"2":{"loc":{"start":{"line":41,"column":20},"end":{"line":49,"column":21}},"type":"if","locations":[{"start":{"line":41,"column":20},"end":{"line":49,"column":21}},{"start":{"line":47,"column":27},"end":{"line":49,"column":21}}],"line":41},"3":{"loc":{"start":{"line":41,"column":24},"end":{"line":41,"column":52}},"type":"binary-expr","locations":[{"start":{"line":41,"column":24},"end":{"line":41,"column":36}},{"start":{"line":41,"column":40},"end":{"line":41,"column":52}}],"line":41},"4":{"loc":{"start":{"line":42,"column":24},"end":{"line":46,"column":25}},"type":"if","locations":[{"start":{"line":42,"column":24},"end":{"line":46,"column":25}},{"start":{"line":44,"column":31},"end":{"line":46,"column":25}}],"line":42},"5":{"loc":{"start":{"line":47,"column":27},"end":{"line":49,"column":21}},"type":"if","locations":[{"start":{"line":47,"column":27},"end":{"line":49,"column":21}},{"start":{},"end":{}}],"line":47},"6":{"loc":{"start":{"line":51,"column":20},"end":{"line":65,"column":21}},"type":"if","locations":[{"start":{"line":51,"column":20},"end":{"line":65,"column":21}},{"start":{"line":61,"column":27},"end":{"line":65,"column":21}}],"line":51},"7":{"loc":{"start":{"line":51,"column":24},"end":{"line":51,"column":52}},"type":"binary-expr","locations":[{"start":{"line":51,"column":24},"end":{"line":51,"column":36}},{"start":{"line":51,"column":40},"end":{"line":51,"column":52}}],"line":51},"8":{"loc":{"start":{"line":52,"column":24},"end":{"line":60,"column":25}},"type":"if","locations":[{"start":{"line":52,"column":24},"end":{"line":60,"column":25}},{"start":{"line":56,"column":31},"end":{"line":60,"column":25}}],"line":52},"9":{"loc":{"start":{"line":61,"column":27},"end":{"line":65,"column":21}},"type":"if","locations":[{"start":{"line":61,"column":27},"end":{"line":65,"column":21}},{"start":{},"end":{}}],"line":61},"10":{"loc":{"start":{"line":77,"column":8},"end":{"line":81,"column":9}},"type":"if","locations":[{"start":{"line":77,"column":8},"end":{"line":81,"column":9}},{"start":{"line":79,"column":15},"end":{"line":81,"column":9}}],"line":77},"11":{"loc":{"start":{"line":79,"column":15},"end":{"line":81,"column":9}},"type":"if","locations":[{"start":{"line":79,"column":15},"end":{"line":81,"column":9}},{"start":{},"end":{}}],"line":79}},"s":{"0":1,"1":1,"2":1,"3":1,"4":11,"5":98,"6":98,"7":77,"8":0,"9":0,"10":0,"11":0,"12":0,"13":0,"14":77,"15":56,"16":28,"17":28,"18":21,"19":21,"20":21,"21":1,"22":0,"23":0,"24":0,"25":0,"26":0,"27":0,"28":0,"29":1},"f":{"0":11,"1":98,"2":0,"3":0},"b":{"0":[77,21],"1":[0,77],"2":[0,0],"3":[0,0],"4":[0,0],"5":[0,0],"6":[56,21],"7":[77,49],"8":[28,28],"9":[21,0],"10":[0,0],"11":[0,0]},"_coverageSchema":"1a1c01bbd47fc00a2c39e90264f33305004495a9","hash":"8f4bfae7c9d44336aaf9619db25e0df6f134d6e1"}
,"/Users/nikitazhavoronkov/RS/node/caesar-cipher-cli/src/validation.js": {"path":"/Users/nikitazhavoronkov/RS/node/caesar-cipher-cli/src/validation.js","statementMap":{"0":{"start":{"line":1,"column":19},"end":{"line":1,"column":26}},"1":{"start":{"line":2,"column":22},"end":{"line":2,"column":51}},"2":{"start":{"line":4,"column":15},"end":{"line":10,"column":1}},"3":{"start":{"line":13,"column":22},"end":{"line":28,"column":1}},"4":{"start":{"line":14,"column":4},"end":{"line":26,"column":5}},"5":{"start":{"line":15,"column":8},"end":{"line":15,"column":38}},"6":{"start":{"line":16,"column":11},"end":{"line":26,"column":5}},"7":{"start":{"line":17,"column":8},"end":{"line":17,"column":40}},"8":{"start":{"line":18,"column":11},"end":{"line":26,"column":5}},"9":{"start":{"line":19,"column":8},"end":{"line":19,"column":43}},"10":{"start":{"line":20,"column":11},"end":{"line":26,"column":5}},"11":{"start":{"line":21,"column":8},"end":{"line":21,"column":39}},"12":{"start":{"line":22,"column":11},"end":{"line":26,"column":5}},"13":{"start":{"line":23,"column":8},"end":{"line":23,"column":40}},"14":{"start":{"line":25,"column":8},"end":{"line":25,"column":20}},"15":{"start":{"line":27,"column":4},"end":{"line":27,"column":19}},"16":{"start":{"line":30,"column":18},"end":{"line":30,"column":53}},"17":{"start":{"line":30,"column":34},"end":{"line":30,"column":53}},"18":{"start":{"line":32,"column":20},"end":{"line":32,"column":122}},"19":{"start":{"line":32,"column":47},"end":{"line":32,"column":122}},"20":{"start":{"line":32,"column":87},"end":{"line":32,"column":113}},"21":{"start":{"line":34,"column":27},"end":{"line":37,"column":1}},"22":{"start":{"line":35,"column":22},"end":{"line":35,"column":44}},"23":{"start":{"line":35,"column":41},"end":{"line":35,"column":43}},"24":{"start":{"line":36,"column":4},"end":{"line":36,"column":58}},"25":{"start":{"line":39,"column":20},"end":{"line":39,"column":87}},"26":{"start":{"line":39,"column":37},"end":{"line":39,"column":87}},"27":{"start":{"line":41,"column":0},"end":{"line":49,"column":1}}},"fnMap":{"0":{"name":"(anonymous_0)","decl":{"start":{"line":13,"column":22},"end":{"line":13,"column":23}},"loc":{"start":{"line":13,"column":33},"end":{"line":28,"column":1}},"line":13},"1":{"name":"(anonymous_1)","decl":{"start":{"line":30,"column":18},"end":{"line":30,"column":19}},"loc":{"start":{"line":30,"column":34},"end":{"line":30,"column":53}},"line":30},"2":{"name":"(anonymous_2)","decl":{"start":{"line":32,"column":20},"end":{"line":32,"column":21}},"loc":{"start":{"line":32,"column":47},"end":{"line":32,"column":122}},"line":32},"3":{"name":"(anonymous_3)","decl":{"start":{"line":32,"column":82},"end":{"line":32,"column":83}},"loc":{"start":{"line":32,"column":87},"end":{"line":32,"column":113}},"line":32},"4":{"name":"(anonymous_4)","decl":{"start":{"line":34,"column":27},"end":{"line":34,"column":28}},"loc":{"start":{"line":34,"column":38},"end":{"line":37,"column":1}},"line":34},"5":{"name":"(anonymous_5)","decl":{"start":{"line":35,"column":35},"end":{"line":35,"column":36}},"loc":{"start":{"line":35,"column":41},"end":{"line":35,"column":43}},"line":35},"6":{"name":"(anonymous_6)","decl":{"start":{"line":39,"column":20},"end":{"line":39,"column":21}},"loc":{"start":{"line":39,"column":37},"end":{"line":39,"column":87}},"line":39}},"branchMap":{"0":{"loc":{"start":{"line":14,"column":4},"end":{"line":26,"column":5}},"type":"if","locations":[{"start":{"line":14,"column":4},"end":{"line":26,"column":5}},{"start":{"line":16,"column":11},"end":{"line":26,"column":5}}],"line":14},"1":{"loc":{"start":{"line":16,"column":11},"end":{"line":26,"column":5}},"type":"if","locations":[{"start":{"line":16,"column":11},"end":{"line":26,"column":5}},{"start":{"line":18,"column":11},"end":{"line":26,"column":5}}],"line":16},"2":{"loc":{"start":{"line":18,"column":11},"end":{"line":26,"column":5}},"type":"if","locations":[{"start":{"line":18,"column":11},"end":{"line":26,"column":5}},{"start":{"line":20,"column":11},"end":{"line":26,"column":5}}],"line":18},"3":{"loc":{"start":{"line":20,"column":11},"end":{"line":26,"column":5}},"type":"if","locations":[{"start":{"line":20,"column":11},"end":{"line":26,"column":5}},{"start":{"line":22,"column":11},"end":{"line":26,"column":5}}],"line":20},"4":{"loc":{"start":{"line":22,"column":11},"end":{"line":26,"column":5}},"type":"if","locations":[{"start":{"line":22,"column":11},"end":{"line":26,"column":5}},{"start":{"line":24,"column":11},"end":{"line":26,"column":5}}],"line":22},"5":{"loc":{"start":{"line":32,"column":47},"end":{"line":32,"column":122}},"type":"cond-expr","locations":[{"start":{"line":32,"column":58},"end":{"line":32,"column":114}},{"start":{"line":32,"column":117},"end":{"line":32,"column":122}}],"line":32},"6":{"loc":{"start":{"line":39,"column":37},"end":{"line":39,"column":87}},"type":"binary-expr","locations":[{"start":{"line":39,"column":37},"end":{"line":39,"column":60}},{"start":{"line":39,"column":64},"end":{"line":39,"column":87}}],"line":39}},"s":{"0":1,"1":1,"2":1,"3":1,"4":6,"5":1,"6":5,"7":1,"8":4,"9":1,"10":3,"11":1,"12":2,"13":1,"14":1,"15":5,"16":1,"17":9,"18":1,"19":5,"20":18,"21":1,"22":7,"23":34,"24":7,"25":1,"26":2,"27":1},"f":{"0":6,"1":9,"2":5,"3":18,"4":7,"5":34,"6":2},"b":{"0":[1,5],"1":[1,4],"2":[1,3],"3":[1,2],"4":[1,1],"5":[5,0],"6":[2,2]},"_coverageSchema":"1a1c01bbd47fc00a2c39e90264f33305004495a9","hash":"fa9667623e4cc088cd540a47dc659228ea343d95"}
}
