TN:
SF:src/cipher.js
FN:33,(anonymous_0)
FN:36,(anonymous_1)
FN:74,(anonymous_2)
FN:75,(anonymous_3)
FNF:4
FNH:2
FNDA:11,(anonymous_0)
FNDA:98,(anonymous_1)
FNDA:0,(anonymous_2)
FNDA:0,(anonymous_3)
DA:1,1
DA:30,1
DA:31,1
DA:33,1
DA:34,11
DA:37,98
DA:39,98
DA:40,77
DA:41,0
DA:42,0
DA:43,0
DA:45,0
DA:47,0
DA:48,0
DA:51,77
DA:52,56
DA:53,28
DA:57,28
DA:61,21
DA:62,21
DA:68,21
DA:74,1
DA:75,0
DA:77,0
DA:78,0
DA:79,0
DA:80,0
DA:82,0
DA:83,0
DA:87,1
LF:30
LH:17
BRDA:39,0,0,77
BRDA:39,0,1,21
BRDA:40,1,0,0
BRDA:40,1,1,77
BRDA:41,2,0,0
BRDA:41,2,1,0
BRDA:41,3,0,0
BRDA:41,3,1,0
BRDA:42,4,0,0
BRDA:42,4,1,0
BRDA:47,5,0,0
BRDA:47,5,1,0
BRDA:51,6,0,56
BRDA:51,6,1,21
BRDA:51,7,0,77
BRDA:51,7,1,49
BRDA:52,8,0,28
BRDA:52,8,1,28
BRDA:61,9,0,21
BRDA:61,9,1,0
BRDA:77,10,0,0
BRDA:77,10,1,0
BRDA:79,11,0,0
BRDA:79,11,1,0
BRF:24
BRH:10
end_of_record
TN:
SF:src/validation.js
FN:13,(anonymous_0)
FN:30,(anonymous_1)
FN:32,(anonymous_2)
FN:32,(anonymous_3)
FN:34,(anonymous_4)
FN:35,(anonymous_5)
FN:39,(anonymous_6)
FNF:7
FNH:7
FNDA:6,(anonymous_0)
FNDA:9,(anonymous_1)
FNDA:5,(anonymous_2)
FNDA:18,(anonymous_3)
FNDA:7,(anonymous_4)
FNDA:34,(anonymous_5)
FNDA:2,(anonymous_6)
DA:1,1
DA:2,1
DA:4,1
DA:13,1
DA:14,6
DA:15,1
DA:16,5
DA:17,1
DA:18,4
DA:19,1
DA:20,3
DA:21,1
DA:22,2
DA:23,1
DA:25,1
DA:27,5
DA:30,9
DA:32,18
DA:34,1
DA:35,34
DA:36,7
DA:39,2
DA:41,1
LF:23
LH:23
BRDA:14,0,0,1
BRDA:14,0,1,5
BRDA:16,1,0,1
BRDA:16,1,1,4
BRDA:18,2,0,1
BRDA:18,2,1,3
BRDA:20,3,0,1
BRDA:20,3,1,2
BRDA:22,4,0,1
BRDA:22,4,1,1
BRDA:32,5,0,5
BRDA:32,5,1,0
BRDA:39,6,0,2
BRDA:39,6,1,2
BRF:14
BRH:13
end_of_record
